sh: 1: modprobe: not found
sh: 1: modprobe: not found
2019-12-09 23:01:07,842 - AWSIoTPythonSDK.core.protocol.mqtt_core - INFO - MqttCore initialized
2019-12-09 23:01:07,843 - AWSIoTPythonSDK.core.protocol.mqtt_core - INFO - Client id: yUp3qLUftKGGY01XdcL5
2019-12-09 23:01:07,844 - AWSIoTPythonSDK.core.protocol.mqtt_core - INFO - Protocol version: MQTTv3.1.1
2019-12-09 23:01:07,844 - AWSIoTPythonSDK.core.protocol.mqtt_core - INFO - Authentication type: TLSv1.2 certificate based Mutual Auth.
2019-12-09 23:01:07,845 - AWSIoTPythonSDK.core.protocol.mqtt_core - INFO - Configuring offline requests queueing: max queue size: 0
2019-12-09 23:01:07,858 - AWSIoTPythonSDK.core.protocol.mqtt_core - INFO - Configuring offline requests queue draining interval: 0.100000 sec
2019-12-09 23:01:07,859 - AWSIoTPythonSDK.core.protocol.mqtt_core - INFO - Configuring endpoint...
2019-12-09 23:01:07,860 - AWSIoTPythonSDK.core.protocol.mqtt_core - INFO - Configuring certificates...
2019-12-09 23:01:07,861 - AWSIoTPythonSDK.core.protocol.mqtt_core - INFO - Configuring reconnect back off timing...
2019-12-09 23:01:07,862 - AWSIoTPythonSDK.core.protocol.mqtt_core - INFO - Base quiet time: 1.000000 sec
2019-12-09 23:01:07,863 - AWSIoTPythonSDK.core.protocol.mqtt_core - INFO - Max quiet time: 32.000000 sec
2019-12-09 23:01:07,864 - AWSIoTPythonSDK.core.protocol.mqtt_core - INFO - Stable connection time: 20.000000 sec
2019-12-09 23:01:07,864 - AWSIoTPythonSDK.core.protocol.mqtt_core - INFO - Configuring connect/disconnect time out: 10.000000 sec
2019-12-09 23:01:07,865 - AWSIoTPythonSDK.core.protocol.mqtt_core - INFO - Configuring MQTT operation time out: 5.000000 sec
2019-12-09 23:01:07,865 - AWSIoTPythonSDK.core.protocol.mqtt_core - INFO - Performing sync connect...
2019-12-09 23:01:07,866 - AWSIoTPythonSDK.core.protocol.mqtt_core - INFO - Performing async connect...
2019-12-09 23:01:07,877 - AWSIoTPythonSDK.core.protocol.mqtt_core - INFO - Keep-alive: 600.000000 sec
2019-12-09 23:01:08,790 - AWSIoTPythonSDK.core.protocol.mqtt_core - INFO - Performing sync subscribe...
2019-12-09 23:01:10,910 - AWSIoTPythonSDK.core.shadow.deviceShadow - INFO - Subscribed to delta topic for deviceShadow: yUp3qLUftKGGY01XdcL5
2019-12-09 23:01:12,075 - AWSIoTPythonSDK.core.protocol.mqtt_core - INFO - Performing sync subscribe...
2019-12-09 23:01:12,207 - AWSIoTPythonSDK.core.protocol.mqtt_core - INFO - Performing sync subscribe...
2019-12-09 23:01:14,393 - AWSIoTPythonSDK.core.shadow.deviceShadow - INFO - Subscribed to update accepted/rejected topics for deviceShadow: yUp3qLUftKGGY01XdcL5
2019-12-09 23:01:14,394 - AWSIoTPythonSDK.core.protocol.mqtt_core - INFO - Performing sync publish...
2019-12-09 23:03:15,754 - AWSIoTPythonSDK.core.protocol.mqtt_core - INFO - Performing sync publish...
