2019-12-04 21:21:09,583 - AWSIoTPythonSDK.core.protocol.mqtt_core - INFO - MqttCore initialized
2019-12-04 21:21:09,585 - AWSIoTPythonSDK.core.protocol.mqtt_core - INFO - Client id: yUp3qLUftKGGY01XdcL5
2019-12-04 21:21:09,586 - AWSIoTPythonSDK.core.protocol.mqtt_core - INFO - Protocol version: MQTTv3.1.1
2019-12-04 21:21:09,588 - AWSIoTPythonSDK.core.protocol.mqtt_core - INFO - Authentication type: TLSv1.2 certificate based Mutual Auth.
2019-12-04 21:21:09,589 - AWSIoTPythonSDK.core.protocol.mqtt_core - INFO - Configuring offline requests queueing: max queue size: 0
2019-12-04 21:21:09,592 - AWSIoTPythonSDK.core.protocol.mqtt_core - INFO - Configuring offline requests queue draining interval: 0.100000 sec
2019-12-04 21:21:09,594 - AWSIoTPythonSDK.core.protocol.mqtt_core - INFO - Configuring endpoint...
2019-12-04 21:21:09,595 - AWSIoTPythonSDK.core.protocol.mqtt_core - INFO - Configuring certificates...
2019-12-04 21:21:09,597 - AWSIoTPythonSDK.core.protocol.mqtt_core - INFO - Configuring reconnect back off timing...
2019-12-04 21:21:09,599 - AWSIoTPythonSDK.core.protocol.mqtt_core - INFO - Base quiet time: 1.000000 sec
2019-12-04 21:21:09,600 - AWSIoTPythonSDK.core.protocol.mqtt_core - INFO - Max quiet time: 32.000000 sec
2019-12-04 21:21:09,600 - AWSIoTPythonSDK.core.protocol.mqtt_core - INFO - Stable connection time: 20.000000 sec
2019-12-04 21:21:09,602 - AWSIoTPythonSDK.core.protocol.mqtt_core - INFO - Configuring connect/disconnect time out: 10.000000 sec
2019-12-04 21:21:09,603 - AWSIoTPythonSDK.core.protocol.mqtt_core - INFO - Configuring MQTT operation time out: 5.000000 sec
2019-12-04 21:21:09,604 - AWSIoTPythonSDK.core.protocol.mqtt_core - INFO - Performing sync connect...
2019-12-04 21:21:09,606 - AWSIoTPythonSDK.core.protocol.mqtt_core - INFO - Performing async connect...
2019-12-04 21:21:09,607 - AWSIoTPythonSDK.core.protocol.mqtt_core - INFO - Keep-alive: 600.000000 sec
2019-12-04 21:21:10,233 - AWSIoTPythonSDK.core.protocol.mqtt_core - INFO - Performing sync subscribe...
2019-12-04 21:21:12,344 - AWSIoTPythonSDK.core.shadow.deviceShadow - INFO - Subscribed to delta topic for deviceShadow: yUp3qLUftKGGY01XdcL5
2019-12-04 21:21:13,524 - AWSIoTPythonSDK.core.protocol.mqtt_core - INFO - Performing sync subscribe...
2019-12-04 21:21:13,682 - AWSIoTPythonSDK.core.protocol.mqtt_core - INFO - Performing sync subscribe...
2019-12-04 21:21:15,811 - AWSIoTPythonSDK.core.shadow.deviceShadow - INFO - Subscribed to update accepted/rejected topics for deviceShadow: yUp3qLUftKGGY01XdcL5
2019-12-04 21:21:15,811 - AWSIoTPythonSDK.core.protocol.mqtt_core - INFO - Performing sync publish...
2019-12-04 21:23:17,123 - AWSIoTPythonSDK.core.protocol.mqtt_core - INFO - Performing sync publish...
2019-12-04 21:25:18,482 - AWSIoTPythonSDK.core.protocol.mqtt_core - INFO - Performing sync publish...
2019-12-04 21:27:19,843 - AWSIoTPythonSDK.core.protocol.mqtt_core - INFO - Performing sync publish...
2019-12-04 21:29:21,202 - AWSIoTPythonSDK.core.protocol.mqtt_core - INFO - Performing sync publish...
2019-12-04 21:31:22,483 - AWSIoTPythonSDK.core.protocol.mqtt_core - INFO - Performing sync publish...
2019-12-04 21:33:23,842 - AWSIoTPythonSDK.core.protocol.mqtt_core - INFO - Performing sync publish...
2019-12-04 21:35:28,466 - AWSIoTPythonSDK.core.protocol.mqtt_core - INFO - Performing sync publish...
2019-12-04 21:37:29,767 - AWSIoTPythonSDK.core.protocol.mqtt_core - INFO - Performing sync publish...
2019-12-04 21:39:34,395 - AWSIoTPythonSDK.core.protocol.mqtt_core - INFO - Performing sync publish...
*** No se puede leer DHT22! ***
{"state": {"reported": {"sps30": {"auto_clean_interval_days":4,"tps":0.61,"serial":"4FBFC0FBE824FFEA","pm10.0":1.77,"nc10.0":11.49,"nc4.5":11.48,"pm2.5":1.72,"nc1.0":11.4,"nc2.5":11.48,"pm4.0":1.74,"nc0.5":9.72,"pm1.0":1.5,"error":"none"},"ds18b20":{"id":1,"t":28.8},"dht22":{"id":1,"h":0.0,"t":0.0},"sht31d":{"id":1,"t":28.4,"h":41.3}}}}
~~~~~~~~~~~~~~~~~~~~~~~
Update request with token: 0cb68633-95db-4d28-9d77-f471dd23ac66 accepted!
reported state: {'sps30': {'auto_clean_interval_days': 4, 'tps': 0.61, 'serial': '4FBFC0FBE824FFEA', 'pm10.0': 1.77, 'nc10.0': 11.49, 'nc4.5': 11.48, 'pm2.5': 1.72, 'nc1.0': 11.4, 'nc2.5': 11.48, 'pm4.0': 1.74, 'nc0.5': 9.72, 'pm1.0': 1.5, 'error': 'none'}, 'ds18b20': {'id': 1, 't': 28.8}, 'dht22': {'id': 1, 'h': 0.0, 't': 0.0}, 'sht31d': {'id': 1, 't': 28.4, 'h': 41.3}}
~~~~~~~~~~~~~~~~~~~~~~~


*** No se puede leer DHT22! ***
SPS30 Error:  error reading measurement
{"state": {"reported": {"sps30": {"error":"error reading measurement","serial":"4FBFC0FBE824FFEA"},"ds18b20":{"id":1,"t":28.8},"dht22":{"id":1,"h":0.0,"t":0.0},"sht31d":{"id":1,"t":28.4,"h":41.4}}}}
~~~~~~~~~~~~~~~~~~~~~~~
Update request with token: ba6297f0-57cb-4cb3-ab2c-e3a4a16cc35d accepted!
reported state: {'sps30': {'error': 'error reading measurement', 'serial': '4FBFC0FBE824FFEA'}, 'ds18b20': {'id': 1, 't': 28.8}, 'dht22': {'id': 1, 'h': 0.0, 't': 0.0}, 'sht31d': {'id': 1, 't': 28.4, 'h': 41.4}}
~~~~~~~~~~~~~~~~~~~~~~~


*** No se puede leer DHT22! ***
SPS30 Error:  error reading measurement
{"state": {"reported": {"sps30": {"error":"error reading measurement","serial":"4FBFC0FBE824FFEA"},"ds18b20":{"id":1,"t":28.8},"dht22":{"id":1,"h":0.0,"t":0.0},"sht31d":{"id":1,"t":28.4,"h":41.1}}}}
~~~~~~~~~~~~~~~~~~~~~~~
Update request with token: 342cf4ed-70a2-4680-b996-788fdda45de8 accepted!
reported state: {'sps30': {'error': 'error reading measurement', 'serial': '4FBFC0FBE824FFEA'}, 'ds18b20': {'id': 1, 't': 28.8}, 'dht22': {'id': 1, 'h': 0.0, 't': 0.0}, 'sht31d': {'id': 1, 't': 28.4, 'h': 41.1}}
~~~~~~~~~~~~~~~~~~~~~~~


*** No se puede leer DHT22! ***
{"state": {"reported": {"sps30": {"auto_clean_interval_days":4,"tps":0.6,"serial":"4FBFC0FBE824FFEA","pm10.0":2.14,"nc10.0":13.97,"nc4.5":13.97,"pm2.5":2.09,"nc1.0":13.86,"nc2.5":13.96,"pm4.0":2.11,"nc0.5":11.83,"pm1.0":1.83,"error":"none"},"ds18b20":{"id":1,"t":28.8},"dht22":{"id":1,"h":0.0,"t":0.0},"sht31d":{"id":1,"t":28.4,"h":41.3}}}}
~~~~~~~~~~~~~~~~~~~~~~~
Update request with token: 87e97192-c8dc-4cff-9c87-6e21e4de8a6f accepted!
reported state: {'sps30': {'auto_clean_interval_days': 4, 'tps': 0.6, 'serial': '4FBFC0FBE824FFEA', 'pm10.0': 2.14, 'nc10.0': 13.97, 'nc4.5': 13.97, 'pm2.5': 2.09, 'nc1.0': 13.86, 'nc2.5': 13.96, 'pm4.0': 2.11, 'nc0.5': 11.83, 'pm1.0': 1.83, 'error': 'none'}, 'ds18b20': {'id': 1, 't': 28.8}, 'dht22': {'id': 1, 'h': 0.0, 't': 0.0}, 'sht31d': {'id': 1, 't': 28.4, 'h': 41.3}}
~~~~~~~~~~~~~~~~~~~~~~~


*** No se puede leer DHT22! ***
{"state": {"reported": {"sps30": {"auto_clean_interval_days":4,"tps":0.58,"serial":"4FBFC0FBE824FFEA","pm10.0":1.41,"nc10.0":9.35,"nc4.5":9.35,"pm2.5":1.39,"nc1.0":9.3,"nc2.5":9.35,"pm4.0":1.4,"nc0.5":7.94,"pm1.0":1.22,"error":"none"},"ds18b20":{"id":1,"t":28.8},"dht22":{"id":1,"h":0.0,"t":0.0},"sht31d":{"id":1,"t":28.3,"h":41.5}}}}
~~~~~~~~~~~~~~~~~~~~~~~
Update request with token: d1e0d373-0877-49ae-9865-d53c1ad8857f accepted!
reported state: {'sps30': {'auto_clean_interval_days': 4, 'tps': 0.58, 'serial': '4FBFC0FBE824FFEA', 'pm10.0': 1.41, 'nc10.0': 9.35, 'nc4.5': 9.35, 'pm2.5': 1.39, 'nc1.0': 9.3, 'nc2.5': 9.35, 'pm4.0': 1.4, 'nc0.5': 7.94, 'pm1.0': 1.22, 'error': 'none'}, 'ds18b20': {'id': 1, 't': 28.8}, 'dht22': {'id': 1, 'h': 0.0, 't': 0.0}, 'sht31d': {'id': 1, 't': 28.3, 'h': 41.5}}
~~~~~~~~~~~~~~~~~~~~~~~


*** No se puede leer DHT22! ***
{"state": {"reported": {"sps30": {"auto_clean_interval_days":4,"tps":0.58,"serial":"4FBFC0FBE824FFEA","pm10.0":1.56,"nc10.0":10.34,"nc4.5":10.34,"pm2.5":1.54,"nc1.0":10.28,"nc2.5":10.34,"pm4.0":1.54,"nc0.5":8.79,"pm1.0":1.35,"error":"none"},"ds18b20":{"id":1,"t":28.8},"dht22":{"id":1,"h":0.0,"t":0.0},"sht31d":{"id":1,"t":28.5,"h":41.3}}}}
~~~~~~~~~~~~~~~~~~~~~~~
Update request with token: 51287044-bc75-4ce5-b3dd-001eb6274214 accepted!
reported state: {'sps30': {'auto_clean_interval_days': 4, 'tps': 0.58, 'serial': '4FBFC0FBE824FFEA', 'pm10.0': 1.56, 'nc10.0': 10.34, 'nc4.5': 10.34, 'pm2.5': 1.54, 'nc1.0': 10.28, 'nc2.5': 10.34, 'pm4.0': 1.54, 'nc0.5': 8.79, 'pm1.0': 1.35, 'error': 'none'}, 'ds18b20': {'id': 1, 't': 28.8}, 'dht22': {'id': 1, 'h': 0.0, 't': 0.0}, 'sht31d': {'id': 1, 't': 28.5, 'h': 41.3}}
~~~~~~~~~~~~~~~~~~~~~~~


*** No se puede leer DHT22! ***
SPS30 Error:  error reading measurement
{"state": {"reported": {"sps30": {"error":"error reading measurement","serial":"4FBFC0FBE824FFEA"},"ds18b20":{"id":1,"t":28.8},"dht22":{"id":1,"h":0.0,"t":0.0},"sht31d":{"id":1,"t":28.5,"h":41.3}}}}
~~~~~~~~~~~~~~~~~~~~~~~
Update request with token: 0e86e9e9-9c3e-4d97-b685-e0858aef7c7e accepted!
reported state: {'sps30': {'error': 'error reading measurement', 'serial': '4FBFC0FBE824FFEA'}, 'ds18b20': {'id': 1, 't': 28.8}, 'dht22': {'id': 1, 'h': 0.0, 't': 0.0}, 'sht31d': {'id': 1, 't': 28.5, 'h': 41.3}}
~~~~~~~~~~~~~~~~~~~~~~~


{"state": {"reported": {"sps30": {"auto_clean_interval_days":4,"tps":0.6,"serial":"4FBFC0FBE824FFEA","pm10.0":1.82,"nc10.0":11.79,"nc4.5":11.78,"pm2.5":1.77,"nc1.0":11.69,"nc2.5":11.78,"pm4.0":1.79,"nc0.5":9.97,"pm1.0":1.54,"error":"none"},"ds18b20":{"id":1,"t":28.8},"dht22":{"id":1,"h":39.1,"t":28.5},"sht31d":{"id":1,"t":28.4,"h":41.4}}}}
~~~~~~~~~~~~~~~~~~~~~~~
Update request with token: 764c2255-4cd6-4da3-b651-af5b74ac22c0 accepted!
reported state: {'sps30': {'auto_clean_interval_days': 4, 'tps': 0.6, 'serial': '4FBFC0FBE824FFEA', 'pm10.0': 1.82, 'nc10.0': 11.79, 'nc4.5': 11.78, 'pm2.5': 1.77, 'nc1.0': 11.69, 'nc2.5': 11.78, 'pm4.0': 1.79, 'nc0.5': 9.97, 'pm1.0': 1.54, 'error': 'none'}, 'ds18b20': {'id': 1, 't': 28.8}, 'dht22': {'id': 1, 'h': 39.1, 't': 28.5}, 'sht31d': {'id': 1, 't': 28.4, 'h': 41.4}}
~~~~~~~~~~~~~~~~~~~~~~~


*** No se puede leer DHT22! ***
{"state": {"reported": {"sps30": {"auto_clean_interval_days":4,"tps":0.57,"serial":"4FBFC0FBE824FFEA","pm10.0":1.59,"nc10.0":10.56,"nc4.5":10.55,"pm2.5":1.57,"nc1.0":10.49,"nc2.5":10.55,"pm4.0":1.57,"nc0.5":8.97,"pm1.0":1.38,"error":"none"},"ds18b20":{"id":1,"t":28.8},"dht22":{"id":1,"h":39.1,"t":28.5},"sht31d":{"id":1,"t":28.4,"h":41.5}}}}
~~~~~~~~~~~~~~~~~~~~~~~
Update request with token: 87b68ff2-24c9-4463-983b-ee83ca41e1f3 accepted!
reported state: {'sps30': {'auto_clean_interval_days': 4, 'tps': 0.57, 'serial': '4FBFC0FBE824FFEA', 'pm10.0': 1.59, 'nc10.0': 10.56, 'nc4.5': 10.55, 'pm2.5': 1.57, 'nc1.0': 10.49, 'nc2.5': 10.55, 'pm4.0': 1.57, 'nc0.5': 8.97, 'pm1.0': 1.38, 'error': 'none'}, 'ds18b20': {'id': 1, 't': 28.8}, 'dht22': {'id': 1, 'h': 39.1, 't': 28.5}, 'sht31d': {'id': 1, 't': 28.4, 'h': 41.5}}
~~~~~~~~~~~~~~~~~~~~~~~


{"state": {"reported": {"sps30": {"auto_clean_interval_days":4,"tps":0.57,"serial":"4FBFC0FBE824FFEA","pm10.0":1.49,"nc10.0":9.89,"nc4.5":9.88,"pm2.5":1.47,"nc1.0":9.83,"nc2.5":9.88,"pm4.0":1.47,"nc0.5":8.4,"pm1.0":1.29,"error":"none"},"ds18b20":{"id":1,"t":28.8},"dht22":{"id":1,"h":39.1,"t":28.5},"sht31d":{"id":1,"t":28.4,"h":41.2}}}}
~~~~~~~~~~~~~~~~~~~~~~~
Update request with token: cfd7c10b-9648-494f-b140-79ddbbdcd1f1 accepted!
reported state: {'sps30': {'auto_clean_interval_days': 4, 'tps': 0.57, 'serial': '4FBFC0FBE824FFEA', 'pm10.0': 1.49, 'nc10.0': 9.89, 'nc4.5': 9.88, 'pm2.5': 1.47, 'nc1.0': 9.83, 'nc2.5': 9.88, 'pm4.0': 1.47, 'nc0.5': 8.4, 'pm1.0': 1.29, 'error': 'none'}, 'ds18b20': {'id': 1, 't': 28.8}, 'dht22': {'id': 1, 'h': 39.1, 't': 28.5}, 'sht31d': {'id': 1, 't': 28.4, 'h': 41.2}}
~~~~~~~~~~~~~~~~~~~~~~~


*** No se puede leer DHT22! ***
{"state": {"reported": {"sps30": {"auto_clean_interval_days":4,"tps":0.59,"serial":"4FBFC0FBE824FFEA","pm10.0":1.52,"nc10.0":10.02,"nc4.5":10.02,"pm2.5":1.5,"nc1.0":9.95,"nc2.5":10.02,"pm4.0":1.5,"nc0.5":8.5,"pm1.0":1.31,"error":"none"},"ds18b20":{"id":1,"t":28.8},"dht22":{"id":1,"h":39.1,"t":28.5},"sht31d":{"id":1,"t":28.4,"h":41.4}}}}2019-12-04 21:41:35,764 - AWSIoTPythonSDK.core.protocol.mqtt_core - INFO - Performing sync publish...
2019-12-04 21:43:37,134 - AWSIoTPythonSDK.core.protocol.mqtt_core - INFO - Performing sync publish...
2019-12-04 21:45:38,483 - AWSIoTPythonSDK.core.protocol.mqtt_core - INFO - Performing sync publish...
2019-12-04 21:47:39,767 - AWSIoTPythonSDK.core.protocol.mqtt_core - INFO - Performing sync publish...
2019-12-04 21:49:41,124 - AWSIoTPythonSDK.core.protocol.mqtt_core - INFO - Performing sync publish...
2019-12-04 21:51:42,402 - AWSIoTPythonSDK.core.protocol.mqtt_core - INFO - Performing sync publish...
2019-12-04 21:53:43,762 - AWSIoTPythonSDK.core.protocol.mqtt_core - INFO - Performing sync publish...
2019-12-04 21:55:45,124 - AWSIoTPythonSDK.core.protocol.mqtt_core - INFO - Performing sync publish...
2019-12-04 21:57:49,748 - AWSIoTPythonSDK.core.protocol.mqtt_core - INFO - Performing sync publish...
2019-12-04 21:59:51,043 - AWSIoTPythonSDK.core.protocol.mqtt_core - INFO - Performing sync publish...
2019-12-04 22:01:52,404 - AWSIoTPythonSDK.core.protocol.mqtt_core - INFO - Performing sync publish...

~~~~~~~~~~~~~~~~~~~~~~~
Update request with token: ff86202e-ee6f-444d-90cc-88d4f2efcd3a accepted!
reported state: {'sps30': {'auto_clean_interval_days': 4, 'tps': 0.59, 'serial': '4FBFC0FBE824FFEA', 'pm10.0': 1.52, 'nc10.0': 10.02, 'nc4.5': 10.02, 'pm2.5': 1.5, 'nc1.0': 9.95, 'nc2.5': 10.02, 'pm4.0': 1.5, 'nc0.5': 8.5, 'pm1.0': 1.31, 'error': 'none'}, 'ds18b20': {'id': 1, 't': 28.8}, 'dht22': {'id': 1, 'h': 39.1, 't': 28.5}, 'sht31d': {'id': 1, 't': 28.4, 'h': 41.4}}
~~~~~~~~~~~~~~~~~~~~~~~


*** No se puede leer DHT22! ***
{"state": {"reported": {"sps30": {"auto_clean_interval_days":4,"tps":0.6,"serial":"4FBFC0FBE824FFEA","pm10.0":1.49,"nc10.0":9.79,"nc4.5":9.79,"pm2.5":1.46,"nc1.0":9.72,"nc2.5":9.78,"pm4.0":1.47,"nc0.5":8.3,"pm1.0":1.28,"error":"none"},"ds18b20":{"id":1,"t":28.8},"dht22":{"id":1,"h":39.1,"t":28.5},"sht31d":{"id":1,"t":28.4,"h":41.4}}}}
~~~~~~~~~~~~~~~~~~~~~~~
Update request with token: 691f25d9-e1d4-4ee8-b2d4-df3fbf7bffb4 accepted!
reported state: {'sps30': {'auto_clean_interval_days': 4, 'tps': 0.6, 'serial': '4FBFC0FBE824FFEA', 'pm10.0': 1.49, 'nc10.0': 9.79, 'nc4.5': 9.79, 'pm2.5': 1.46, 'nc1.0': 9.72, 'nc2.5': 9.78, 'pm4.0': 1.47, 'nc0.5': 8.3, 'pm1.0': 1.28, 'error': 'none'}, 'ds18b20': {'id': 1, 't': 28.8}, 'dht22': {'id': 1, 'h': 39.1, 't': 28.5}, 'sht31d': {'id': 1, 't': 28.4, 'h': 41.4}}
~~~~~~~~~~~~~~~~~~~~~~~


*** No se puede leer DHT22! ***
{"state": {"reported": {"sps30": {"auto_clean_interval_days":4,"tps":0.59,"serial":"4FBFC0FBE824FFEA","pm10.0":1.16,"nc10.0":7.59,"nc4.5":7.59,"pm2.5":1.14,"nc1.0":7.54,"nc2.5":7.59,"pm4.0":1.15,"nc0.5":6.43,"pm1.0":0.99,"error":"none"},"ds18b20":{"id":1,"t":28.8},"dht22":{"id":1,"h":39.1,"t":28.5},"sht31d":{"id":1,"t":28.4,"h":41.4}}}}
~~~~~~~~~~~~~~~~~~~~~~~
Update request with token: 8b1721f5-994b-4c6e-a937-da97b82ef34e accepted!
reported state: {'sps30': {'auto_clean_interval_days': 4, 'tps': 0.59, 'serial': '4FBFC0FBE824FFEA', 'pm10.0': 1.16, 'nc10.0': 7.59, 'nc4.5': 7.59, 'pm2.5': 1.14, 'nc1.0': 7.54, 'nc2.5': 7.59, 'pm4.0': 1.15, 'nc0.5': 6.43, 'pm1.0': 0.99, 'error': 'none'}, 'ds18b20': {'id': 1, 't': 28.8}, 'dht22': {'id': 1, 'h': 39.1, 't': 28.5}, 'sht31d': {'id': 1, 't': 28.4, 'h': 41.4}}
~~~~~~~~~~~~~~~~~~~~~~~


*** No se puede leer DHT22! ***
{"state": {"reported": {"sps30": {"auto_clean_interval_days":4,"tps":0.58,"serial":"4FBFC0FBE824FFEA","pm10.0":1.48,"nc10.0":9.83,"nc4.5":9.83,"pm2.5":1.46,"nc1.0":9.77,"nc2.5":9.83,"pm4.0":1.46,"nc0.5":8.35,"pm1.0":1.29,"error":"none"},"ds18b20":{"id":1,"t":28.8},"dht22":{"id":1,"h":39.1,"t":28.5},"sht31d":{"id":1,"t":28.4,"h":41.3}}}}
~~~~~~~~~~~~~~~~~~~~~~~
Update request with token: 251d7fa7-149d-4aac-a9d8-d7cc4e08513d accepted!
reported state: {'sps30': {'auto_clean_interval_days': 4, 'tps': 0.58, 'serial': '4FBFC0FBE824FFEA', 'pm10.0': 1.48, 'nc10.0': 9.83, 'nc4.5': 9.83, 'pm2.5': 1.46, 'nc1.0': 9.77, 'nc2.5': 9.83, 'pm4.0': 1.46, 'nc0.5': 8.35, 'pm1.0': 1.29, 'error': 'none'}, 'ds18b20': {'id': 1, 't': 28.8}, 'dht22': {'id': 1, 'h': 39.1, 't': 28.5}, 'sht31d': {'id': 1, 't': 28.4, 'h': 41.3}}
~~~~~~~~~~~~~~~~~~~~~~~


*** No se puede leer DHT22! ***
{"state": {"reported": {"sps30": {"auto_clean_interval_days":4,"tps":0.58,"serial":"4FBFC0FBE824FFEA","pm10.0":1.29,"nc10.0":8.58,"nc4.5":8.58,"pm2.5":1.28,"nc1.0":8.52,"nc2.5":8.57,"pm4.0":1.28,"nc0.5":7.29,"pm1.0":1.12,"error":"none"},"ds18b20":{"id":1,"t":28.8},"dht22":{"id":1,"h":39.1,"t":28.5},"sht31d":{"id":1,"t":28.4,"h":41.4}}}}
~~~~~~~~~~~~~~~~~~~~~~~
Update request with token: 5843b20c-3401-46b3-89b6-595671794e04 accepted!
reported state: {'sps30': {'auto_clean_interval_days': 4, 'tps': 0.58, 'serial': '4FBFC0FBE824FFEA', 'pm10.0': 1.29, 'nc10.0': 8.58, 'nc4.5': 8.58, 'pm2.5': 1.28, 'nc1.0': 8.52, 'nc2.5': 8.57, 'pm4.0': 1.28, 'nc0.5': 7.29, 'pm1.0': 1.12, 'error': 'none'}, 'ds18b20': {'id': 1, 't': 28.8}, 'dht22': {'id': 1, 'h': 39.1, 't': 28.5}, 'sht31d': {'id': 1, 't': 28.4, 'h': 41.4}}
~~~~~~~~~~~~~~~~~~~~~~~


*** No se puede leer DHT22! ***
SPS30 Error:  error reading measurement
{"state": {"reported": {"sps30": {"error":"error reading measurement","serial":"4FBFC0FBE824FFEA"},"ds18b20":{"id":1,"t":28.8},"dht22":{"id":1,"h":39.1,"t":28.5},"sht31d":{"id":1,"t":28.4,"h":41.4}}}}
~~~~~~~~~~~~~~~~~~~~~~~
Update request with token: 3c785adb-2cd7-483c-898a-383c203099e6 accepted!
reported state: {'sps30': {'error': 'error reading measurement', 'serial': '4FBFC0FBE824FFEA'}, 'ds18b20': {'id': 1, 't': 28.8}, 'dht22': {'id': 1, 'h': 39.1, 't': 28.5}, 'sht31d': {'id': 1, 't': 28.4, 'h': 41.4}}
~~~~~~~~~~~~~~~~~~~~~~~


*** No se puede leer DHT22! ***
SPS30 Error:  error reading measurement
{"state": {"reported": {"sps30": {"error":"error reading measurement","serial":"4FBFC0FBE824FFEA"},"ds18b20":{"id":1,"t":28.8},"dht22":{"id":1,"h":39.1,"t":28.5},"sht31d":{"id":1,"t":28.4,"h":41.3}}}}
~~~~~~~~~~~~~~~~~~~~~~~
Update request with token: 78b5a203-ce6c-4313-a128-d7b35fffbd3a accepted!
reported state: {'sps30': {'error': 'error reading measurement', 'serial': '4FBFC0FBE824FFEA'}, 'ds18b20': {'id': 1, 't': 28.8}, 'dht22': {'id': 1, 'h': 39.1, 't': 28.5}, 'sht31d': {'id': 1, 't': 28.4, 'h': 41.3}}
~~~~~~~~~~~~~~~~~~~~~~~


*** No se puede leer DHT22! ***
{"state": {"reported": {"sps30": {"auto_clean_interval_days":4,"tps":0.61,"serial":"4FBFC0FBE824FFEA","pm10.0":1.07,"nc10.0":6.95,"nc4.5":6.95,"pm2.5":1.04,"nc1.0":6.89,"nc2.5":6.94,"pm4.0":1.05,"nc0.5":5.87,"pm1.0":0.91,"error":"none"},"ds18b20":{"id":1,"t":28.8},"dht22":{"id":1,"h":39.1,"t":28.5},"sht31d":{"id":1,"t":28.4,"h":41.4}}}}
~~~~~~~~~~~~~~~~~~~~~~~
Update request with token: fded88d2-3c06-4856-87e7-931603fb4756 accepted!
reported state: {'sps30': {'auto_clean_interval_days': 4, 'tps': 0.61, 'serial': '4FBFC0FBE824FFEA', 'pm10.0': 1.07, 'nc10.0': 6.95, 'nc4.5': 6.95, 'pm2.5': 1.04, 'nc1.0': 6.89, 'nc2.5': 6.94, 'pm4.0': 1.05, 'nc0.5': 5.87, 'pm1.0': 0.91, 'error': 'none'}, 'ds18b20': {'id': 1, 't': 28.8}, 'dht22': {'id': 1, 'h': 39.1, 't': 28.5}, 'sht31d': {'id': 1, 't': 28.4, 'h': 41.4}}
~~~~~~~~~~~~~~~~~~~~~~~


{"state": {"reported": {"sps30": {"auto_clean_interval_days":4,"tps":0.61,"serial":"4FBFC0FBE824FFEA","pm10.0":1.31,"nc10.0":8.57,"nc4.5":8.57,"pm2.5":1.28,"nc1.0":8.51,"nc2.5":8.57,"pm4.0":1.29,"nc0.5":7.26,"pm1.0":1.12,"error":"none"},"ds18b20":{"id":1,"t":28.8},"dht22":{"id":1,"h":39.1,"t":28.5},"sht31d":{"id":1,"t":28.4,"h":41.3}}}}
~~~~~~~~~~~~~~~~~~~~~~~
Update request with token: 0866f3cb-1a60-4afd-8c1e-52d1b407723c accepted!
reported state: {'sps30': {'auto_clean_interval_days': 4, 'tps': 0.61, 'serial': '4FBFC0FBE824FFEA', 'pm10.0': 1.31, 'nc10.0': 8.57, 'nc4.5': 8.57, 'pm2.5': 1.28, 'nc1.0': 8.51, 'nc2.5': 8.57, 'pm4.0': 1.29, 'nc0.5': 7.26, 'pm1.0': 1.12, 'error': 'none'}, 'ds18b20': {'id': 1, 't': 28.8}, 'dht22': {'id': 1, 'h': 39.1, 't': 28.5}, 'sht31d': {'id': 1, 't': 28.4, 'h': 41.3}}
~~~~~~~~~~~~~~~~~~~~~~~


*** No se puede leer DHT22! ***
{"state": {"reported": {"sps30": {"auto_clean_interval_days":4,"tps":0.61,"serial":"4FBFC0FBE824FFEA","pm10.0":1.23,"nc10.0":8.07,"nc4.5":8.07,"pm2.5":1.21,"nc1.0":8.01,"nc2.5":8.07,"pm4.0":1.22,"nc0.5":6.84,"pm1.0":1.06,"error":"none"},"ds18b20":{"id":1,"t":28.8},"dht22":{"id":1,"h":39.1,"t":28.5},"sht31d":{"id":1,"t":28.4,"h":41.3}}}}
~~~~~~~~~~~~~~~~~~~~~~~
Update request with token: 0edc839a-7e1b-4178-8090-07138b906c56 accepted!
reported state: {'sps30': {'auto_clean_interval_days': 4, 'tps': 0.61, 'serial': '4FBFC0FBE824FFEA', 'pm10.0': 1.23, 'nc10.0': 8.07, 'nc4.5': 8.07, 'pm2.5': 1.21, 'nc1.0': 8.01, 'nc2.5': 8.07, 'pm4.0': 1.22, 'nc0.5': 6.84, 'pm1.0': 1.06, 'error': 'none'}, 'ds18b20': {'id': 1, 't': 28.8}, 'dht22': {'id': 1, 'h': 39.1, 't': 28.5}, 'sht31d': {'id': 1, 't': 28.4, 'h': 41.3}}
~~~~~~~~~~~~~~~~~~~~~~~


*** No se puede leer DHT22! ***
{"state": {"reported": {"sps30": {"auto_clean_interval_days":4,"tps":0.6,"serial":"4FBFC0FBE824FFEA","pm10.0":1.08,"nc10.0":7.04,"nc4.5":7.04,"pm2.5":1.05,"nc1.0":6.99,"nc2.5":7.04,"pm4.0":1.06,"nc0.5":5.97,"pm1.0":0.92,"error":"none"},"ds18b20":{"id":1,"t":28.8},"dht22":{"id":1,"h":39.1,"t":28.5},"sht31d":{"id":1,"t":28.4,"h":41.3}}}}
~~~~~~~~~~~~~~~~~~~~~~~
Update request with token: 5e419c8c-33e5-4b89-9ccd-476c96422270 accepted!2019-12-04 22:03:53,762 - AWSIoTPythonSDK.core.protocol.mqtt_core - INFO - Performing sync publish...
2019-12-04 22:05:57,388 - AWSIoTPythonSDK.core.protocol.mqtt_core - INFO - Performing sync publish...
2019-12-04 22:07:58,722 - AWSIoTPythonSDK.core.protocol.mqtt_core - INFO - Performing sync publish...
2019-12-04 22:10:00,083 - AWSIoTPythonSDK.core.protocol.mqtt_core - INFO - Performing sync publish...
2019-12-04 22:12:01,445 - AWSIoTPythonSDK.core.protocol.mqtt_core - INFO - Performing sync publish...
2019-12-04 22:14:02,803 - AWSIoTPythonSDK.core.protocol.mqtt_core - INFO - Performing sync publish...
2019-12-04 22:16:04,172 - AWSIoTPythonSDK.core.protocol.mqtt_core - INFO - Performing sync publish...
2019-12-04 22:18:05,524 - AWSIoTPythonSDK.core.protocol.mqtt_core - INFO - Performing sync publish...
2019-12-04 22:20:06,885 - AWSIoTPythonSDK.core.protocol.mqtt_core - INFO - Performing sync publish...

reported state: {'sps30': {'auto_clean_interval_days': 4, 'tps': 0.6, 'serial': '4FBFC0FBE824FFEA', 'pm10.0': 1.08, 'nc10.0': 7.04, 'nc4.5': 7.04, 'pm2.5': 1.05, 'nc1.0': 6.99, 'nc2.5': 7.04, 'pm4.0': 1.06, 'nc0.5': 5.97, 'pm1.0': 0.92, 'error': 'none'}, 'ds18b20': {'id': 1, 't': 28.8}, 'dht22': {'id': 1, 'h': 39.1, 't': 28.5}, 'sht31d': {'id': 1, 't': 28.4, 'h': 41.3}}
~~~~~~~~~~~~~~~~~~~~~~~


*** No se puede leer DHT22! ***
{"state": {"reported": {"sps30": {"auto_clean_interval_days":4,"tps":0.6,"serial":"4FBFC0FBE824FFEA","pm10.0":1.13,"nc10.0":7.46,"nc4.5":7.46,"pm2.5":1.11,"nc1.0":7.41,"nc2.5":7.46,"pm4.0":1.12,"nc0.5":6.33,"pm1.0":0.98,"error":"none"},"ds18b20":{"id":1,"t":28.8},"dht22":{"id":1,"h":39.1,"t":28.5},"sht31d":{"id":1,"t":28.4,"h":41.3}}}}
~~~~~~~~~~~~~~~~~~~~~~~
Update request with token: 700de62c-9592-4e7c-af99-c94f68636468 accepted!
reported state: {'sps30': {'auto_clean_interval_days': 4, 'tps': 0.6, 'serial': '4FBFC0FBE824FFEA', 'pm10.0': 1.13, 'nc10.0': 7.46, 'nc4.5': 7.46, 'pm2.5': 1.11, 'nc1.0': 7.41, 'nc2.5': 7.46, 'pm4.0': 1.12, 'nc0.5': 6.33, 'pm1.0': 0.98, 'error': 'none'}, 'ds18b20': {'id': 1, 't': 28.8}, 'dht22': {'id': 1, 'h': 39.1, 't': 28.5}, 'sht31d': {'id': 1, 't': 28.4, 'h': 41.3}}
~~~~~~~~~~~~~~~~~~~~~~~


*** No se puede leer DHT22! ***
{"state": {"reported": {"sps30": {"auto_clean_interval_days":4,"tps":0.58,"serial":"4FBFC0FBE824FFEA","pm10.0":1.35,"nc10.0":8.9,"nc4.5":8.9,"pm2.5":1.33,"nc1.0":8.84,"nc2.5":8.9,"pm4.0":1.33,"nc0.5":7.55,"pm1.0":1.16,"error":"none"},"ds18b20":{"id":1,"t":28.8},"dht22":{"id":1,"h":39.1,"t":28.5},"sht31d":{"id":1,"t":28.5,"h":41.3}}}}
~~~~~~~~~~~~~~~~~~~~~~~
Update request with token: 0c2d1b29-d084-4224-ac83-7681b1757bc5 accepted!
reported state: {'sps30': {'auto_clean_interval_days': 4, 'tps': 0.58, 'serial': '4FBFC0FBE824FFEA', 'pm10.0': 1.35, 'nc10.0': 8.9, 'nc4.5': 8.9, 'pm2.5': 1.33, 'nc1.0': 8.84, 'nc2.5': 8.9, 'pm4.0': 1.33, 'nc0.5': 7.55, 'pm1.0': 1.16, 'error': 'none'}, 'ds18b20': {'id': 1, 't': 28.8}, 'dht22': {'id': 1, 'h': 39.1, 't': 28.5}, 'sht31d': {'id': 1, 't': 28.5, 'h': 41.3}}
~~~~~~~~~~~~~~~~~~~~~~~


*** No se puede leer DHT22! ***
{"state": {"reported": {"sps30": {"auto_clean_interval_days":4,"tps":0.58,"serial":"4FBFC0FBE824FFEA","pm10.0":1.11,"nc10.0":7.4,"nc4.5":7.4,"pm2.5":1.1,"nc1.0":7.36,"nc2.5":7.4,"pm4.0":1.1,"nc0.5":6.29,"pm1.0":0.97,"error":"none"},"ds18b20":{"id":1,"t":28.8},"dht22":{"id":1,"h":39.1,"t":28.5},"sht31d":{"id":1,"t":28.4,"h":41.3}}}}
~~~~~~~~~~~~~~~~~~~~~~~
Update request with token: 4f2797f2-ae87-4851-9c04-524bd509a225 accepted!
reported state: {'sps30': {'auto_clean_interval_days': 4, 'tps': 0.58, 'serial': '4FBFC0FBE824FFEA', 'pm10.0': 1.11, 'nc10.0': 7.4, 'nc4.5': 7.4, 'pm2.5': 1.1, 'nc1.0': 7.36, 'nc2.5': 7.4, 'pm4.0': 1.1, 'nc0.5': 6.29, 'pm1.0': 0.97, 'error': 'none'}, 'ds18b20': {'id': 1, 't': 28.8}, 'dht22': {'id': 1, 'h': 39.1, 't': 28.5}, 'sht31d': {'id': 1, 't': 28.4, 'h': 41.3}}
~~~~~~~~~~~~~~~~~~~~~~~


*** No se puede leer DHT22! ***
{"state": {"reported": {"sps30": {"auto_clean_interval_days":4,"tps":0.58,"serial":"4FBFC0FBE824FFEA","pm10.0":0.9,"nc10.0":5.98,"nc4.5":5.98,"pm2.5":0.89,"nc1.0":5.94,"nc2.5":5.98,"pm4.0":0.89,"nc0.5":5.08,"pm1.0":0.78,"error":"none"},"ds18b20":{"id":1,"t":28.8},"dht22":{"id":1,"h":39.1,"t":28.5},"sht31d":{"id":1,"t":28.4,"h":41.3}}}}
~~~~~~~~~~~~~~~~~~~~~~~
Update request with token: 301de5b8-8dc2-4405-b949-0cb308776390 accepted!
reported state: {'sps30': {'auto_clean_interval_days': 4, 'tps': 0.58, 'serial': '4FBFC0FBE824FFEA', 'pm10.0': 0.9, 'nc10.0': 5.98, 'nc4.5': 5.98, 'pm2.5': 0.89, 'nc1.0': 5.94, 'nc2.5': 5.98, 'pm4.0': 0.89, 'nc0.5': 5.08, 'pm1.0': 0.78, 'error': 'none'}, 'ds18b20': {'id': 1, 't': 28.8}, 'dht22': {'id': 1, 'h': 39.1, 't': 28.5}, 'sht31d': {'id': 1, 't': 28.4, 'h': 41.3}}
~~~~~~~~~~~~~~~~~~~~~~~


*** No se puede leer DHT22! ***
{"state": {"reported": {"sps30": {"auto_clean_interval_days":4,"tps":0.58,"serial":"4FBFC0FBE824FFEA","pm10.0":1.35,"nc10.0":8.99,"nc4.5":8.99,"pm2.5":1.34,"nc1.0":8.94,"nc2.5":8.99,"pm4.0":1.34,"nc0.5":7.65,"pm1.0":1.18,"error":"none"},"ds18b20":{"id":1,"t":28.8},"dht22":{"id":1,"h":39.1,"t":28.5},"sht31d":{"id":1,"t":28.4,"h":41.1}}}}
~~~~~~~~~~~~~~~~~~~~~~~
Update request with token: f0a1ee2a-9298-4bd1-a1b5-56cb773a4f58 accepted!
reported state: {'sps30': {'auto_clean_interval_days': 4, 'tps': 0.58, 'serial': '4FBFC0FBE824FFEA', 'pm10.0': 1.35, 'nc10.0': 8.99, 'nc4.5': 8.99, 'pm2.5': 1.34, 'nc1.0': 8.94, 'nc2.5': 8.99, 'pm4.0': 1.34, 'nc0.5': 7.65, 'pm1.0': 1.18, 'error': 'none'}, 'ds18b20': {'id': 1, 't': 28.8}, 'dht22': {'id': 1, 'h': 39.1, 't': 28.5}, 'sht31d': {'id': 1, 't': 28.4, 'h': 41.1}}
~~~~~~~~~~~~~~~~~~~~~~~


*** No se puede leer DHT22! ***
{"state": {"reported": {"sps30": {"auto_clean_interval_days":4,"tps":0.58,"serial":"4FBFC0FBE824FFEA","pm10.0":1.04,"nc10.0":6.92,"nc4.5":6.92,"pm2.5":1.03,"nc1.0":6.88,"nc2.5":6.92,"pm4.0":1.03,"nc0.5":5.89,"pm1.0":0.91,"error":"none"},"ds18b20":{"id":1,"t":28.8},"dht22":{"id":1,"h":39.1,"t":28.5},"sht31d":{"id":1,"t":28.4,"h":41.0}}}}
~~~~~~~~~~~~~~~~~~~~~~~
Update request with token: 5a2b1101-dc0a-4045-9e6c-24412ce18d5a accepted!
reported state: {'sps30': {'auto_clean_interval_days': 4, 'tps': 0.58, 'serial': '4FBFC0FBE824FFEA', 'pm10.0': 1.04, 'nc10.0': 6.92, 'nc4.5': 6.92, 'pm2.5': 1.03, 'nc1.0': 6.88, 'nc2.5': 6.92, 'pm4.0': 1.03, 'nc0.5': 5.89, 'pm1.0': 0.91, 'error': 'none'}, 'ds18b20': {'id': 1, 't': 28.8}, 'dht22': {'id': 1, 'h': 39.1, 't': 28.5}, 'sht31d': {'id': 1, 't': 28.4, 'h': 41.0}}
~~~~~~~~~~~~~~~~~~~~~~~


*** No se puede leer DHT22! ***
{"state": {"reported": {"sps30": {"auto_clean_interval_days":4,"tps":0.56,"serial":"4FBFC0FBE824FFEA","pm10.0":1.19,"nc10.0":7.9,"nc4.5":7.9,"pm2.5":1.17,"nc1.0":7.85,"nc2.5":7.9,"pm4.0":1.17,"nc0.5":6.71,"pm1.0":1.03,"error":"none"},"ds18b20":{"id":1,"t":28.8},"dht22":{"id":1,"h":39.1,"t":28.5},"sht31d":{"id":1,"t":28.4,"h":41.2}}}}
~~~~~~~~~~~~~~~~~~~~~~~
Update request with token: fe6d228f-00c4-4143-91a9-0537860bfec2 accepted!
reported state: {'sps30': {'auto_clean_interval_days': 4, 'tps': 0.56, 'serial': '4FBFC0FBE824FFEA', 'pm10.0': 1.19, 'nc10.0': 7.9, 'nc4.5': 7.9, 'pm2.5': 1.17, 'nc1.0': 7.85, 'nc2.5': 7.9, 'pm4.0': 1.17, 'nc0.5': 6.71, 'pm1.0': 1.03, 'error': 'none'}, 'ds18b20': {'id': 1, 't': 28.8}, 'dht22': {'id': 1, 'h': 39.1, 't': 28.5}, 'sht31d': {'id': 1, 't': 28.4, 'h': 41.2}}
~~~~~~~~~~~~~~~~~~~~~~~


*** No se puede leer DHT22! ***
{"state": {"reported": {"sps30": {"auto_clean_interval_days":4,"tps":0.55,"serial":"4FBFC0FBE824FFEA","pm10.0":0.87,"nc10.0":5.77,"nc4.5":5.77,"pm2.5":0.86,"nc1.0":5.74,"nc2.5":5.77,"pm4.0":0.86,"nc0.5":4.91,"pm1.0":0.76,"error":"none"},"ds18b20":{"id":1,"t":28.8},"dht22":{"id":1,"h":39.1,"t":28.5},"sht31d":{"id":1,"t":28.4,"h":40.9}}}}
~~~~~~~~~~~~~~~~~~~~~~~
Update request with token: a8e80614-7eb9-4183-8b1d-665ac8a82e56 accepted!
reported state: {'sps30': {'auto_clean_interval_days': 4, 'tps': 0.55, 'serial': '4FBFC0FBE824FFEA', 'pm10.0': 0.87, 'nc10.0': 5.77, 'nc4.5': 5.77, 'pm2.5': 0.86, 'nc1.0': 5.74, 'nc2.5': 5.77, 'pm4.0': 0.86, 'nc0.5': 4.91, 'pm1.0': 0.76, 'error': 'none'}, 'ds18b20': {'id': 1, 't': 28.8}, 'dht22': {'id': 1, 'h': 39.1, 't': 28.5}, 'sht31d': {'id': 1, 't': 28.4, 'h': 40.9}}
~~~~~~~~~~~~~~~~~~~~~~~


*** No se puede leer DHT22! ***
{"state": {"reported": {"sps30": {"auto_clean_interval_days":4,"tps":0.55,"serial":"4FBFC0FBE824FFEA","pm10.0":1.0,"nc10.0":6.63,"nc4.5":6.63,"pm2.5":0.99,"nc1.0":6.59,"nc2.5":6.63,"pm4.0":0.99,"nc0.5":5.64,"pm1.0":0.87,"error":"none"},"ds18b20":{"id":1,"t":28.8},"dht22":{"id":1,"h":39.1,"t":28.5},"sht31d":{"id":1,"t":28.4,"h":41.1}}}}
~~~~~~~~~~~~~~~~~~~~~~~
Update request with token: 711d4ab7-336b-4b14-a30a-79dcc7269343 accepted!
reported state: {'sps30': {'auto_clean_interval_days': 4, 'tps': 0.55, 'serial': '4FBFC0FBE824FFEA', 'pm10.0': 1.0, 'nc10.0': 6.63, 'nc4.5': 6.63, 'pm2.5': 0.99, 'nc1.0': 6.59, 'nc2.5': 6.63, 'pm4.0': 0.99, 'nc0.5': 5.64, 'pm1.0': 0.87, 'error': 'none'}, 'ds18b20': {'id': 1, 't': 28.8}, 'dht22': {'id': 1, 'h': 39.1, 't': 28.5}, 'sht31d': {'id': 1, 't': 28.4, 'h': 41.1}}
~~~~~~~~~~~~~~~~~~~~~~~


2019-12-04 22:22:08,242 - AWSIoTPythonSDK.core.protocol.mqtt_core - INFO - Performing sync publish...
2019-12-04 22:24:09,611 - AWSIoTPythonSDK.core.protocol.mqtt_core - INFO - Performing sync publish...
2019-12-04 22:26:10,963 - AWSIoTPythonSDK.core.protocol.mqtt_core - INFO - Performing sync publish...
2019-12-04 22:28:15,505 - AWSIoTPythonSDK.core.protocol.mqtt_core - INFO - Performing sync publish...
2019-12-04 22:30:16,804 - AWSIoTPythonSDK.core.protocol.mqtt_core - INFO - Performing sync publish...
2019-12-04 22:32:18,085 - AWSIoTPythonSDK.core.protocol.mqtt_core - INFO - Performing sync publish...
2019-12-04 22:34:19,445 - AWSIoTPythonSDK.core.protocol.mqtt_core - INFO - Performing sync publish...
2019-12-04 22:36:20,804 - AWSIoTPythonSDK.core.protocol.mqtt_core - INFO - Performing sync publish...
2019-12-04 22:38:23,044 - AWSIoTPythonSDK.core.protocol.mqtt_core - INFO - Performing sync publish...
2019-12-04 22:40:24,323 - AWSIoTPythonSDK.core.protocol.mqtt_core - INFO - Performing sync publish...
*** No se puede leer DHT22! ***
{"state": {"reported": {"sps30": {"auto_clean_interval_days":4,"tps":0.56,"serial":"4FBFC0FBE824FFEA","pm10.0":0.83,"nc10.0":5.51,"nc4.5":5.51,"pm2.5":0.82,"nc1.0":5.48,"nc2.5":5.51,"pm4.0":0.82,"nc0.5":4.69,"pm1.0":0.72,"error":"none"},"ds18b20":{"id":1,"t":28.8},"dht22":{"id":1,"h":39.1,"t":28.5},"sht31d":{"id":1,"t":28.4,"h":41.1}}}}
~~~~~~~~~~~~~~~~~~~~~~~
Update request with token: 974cf4c7-30e8-4f5f-b1a6-497556f01e75 accepted!
reported state: {'sps30': {'auto_clean_interval_days': 4, 'tps': 0.56, 'serial': '4FBFC0FBE824FFEA', 'pm10.0': 0.83, 'nc10.0': 5.51, 'nc4.5': 5.51, 'pm2.5': 0.82, 'nc1.0': 5.48, 'nc2.5': 5.51, 'pm4.0': 0.82, 'nc0.5': 4.69, 'pm1.0': 0.72, 'error': 'none'}, 'ds18b20': {'id': 1, 't': 28.8}, 'dht22': {'id': 1, 'h': 39.1, 't': 28.5}, 'sht31d': {'id': 1, 't': 28.4, 'h': 41.1}}
~~~~~~~~~~~~~~~~~~~~~~~


*** No se puede leer DHT22! ***
{"state": {"reported": {"sps30": {"auto_clean_interval_days":4,"tps":0.57,"serial":"4FBFC0FBE824FFEA","pm10.0":1.13,"nc10.0":7.5,"nc4.5":7.5,"pm2.5":1.12,"nc1.0":7.46,"nc2.5":7.5,"pm4.0":1.12,"nc0.5":6.38,"pm1.0":0.98,"error":"none"},"ds18b20":{"id":1,"t":28.8},"dht22":{"id":1,"h":39.1,"t":28.5},"sht31d":{"id":1,"t":28.4,"h":41.1}}}}
~~~~~~~~~~~~~~~~~~~~~~~
Update request with token: 065af8a0-2d2f-4ad6-ae97-2f82c1708302 accepted!
reported state: {'sps30': {'auto_clean_interval_days': 4, 'tps': 0.57, 'serial': '4FBFC0FBE824FFEA', 'pm10.0': 1.13, 'nc10.0': 7.5, 'nc4.5': 7.5, 'pm2.5': 1.12, 'nc1.0': 7.46, 'nc2.5': 7.5, 'pm4.0': 1.12, 'nc0.5': 6.38, 'pm1.0': 0.98, 'error': 'none'}, 'ds18b20': {'id': 1, 't': 28.8}, 'dht22': {'id': 1, 'h': 39.1, 't': 28.5}, 'sht31d': {'id': 1, 't': 28.4, 'h': 41.1}}
~~~~~~~~~~~~~~~~~~~~~~~


*** No se puede leer DHT22! ***
{"state": {"reported": {"sps30": {"auto_clean_interval_days":4,"tps":0.57,"serial":"4FBFC0FBE824FFEA","pm10.0":0.92,"nc10.0":6.14,"nc4.5":6.14,"pm2.5":0.91,"nc1.0":6.1,"nc2.5":6.14,"pm4.0":0.91,"nc0.5":5.22,"pm1.0":0.8,"error":"none"},"ds18b20":{"id":1,"t":28.8},"dht22":{"id":1,"h":39.1,"t":28.5},"sht31d":{"id":1,"t":28.4,"h":40.8}}}}
~~~~~~~~~~~~~~~~~~~~~~~
Update request with token: 4c6c31c7-fae9-4c07-adeb-3b933bf65684 accepted!
reported state: {'sps30': {'auto_clean_interval_days': 4, 'tps': 0.57, 'serial': '4FBFC0FBE824FFEA', 'pm10.0': 0.92, 'nc10.0': 6.14, 'nc4.5': 6.14, 'pm2.5': 0.91, 'nc1.0': 6.1, 'nc2.5': 6.14, 'pm4.0': 0.91, 'nc0.5': 5.22, 'pm1.0': 0.8, 'error': 'none'}, 'ds18b20': {'id': 1, 't': 28.8}, 'dht22': {'id': 1, 'h': 39.1, 't': 28.5}, 'sht31d': {'id': 1, 't': 28.4, 'h': 40.8}}
~~~~~~~~~~~~~~~~~~~~~~~


{"state": {"reported": {"sps30": {"auto_clean_interval_days":4,"tps":0.57,"serial":"4FBFC0FBE824FFEA","pm10.0":0.86,"nc10.0":5.69,"nc4.5":5.68,"pm2.5":0.85,"nc1.0":5.65,"nc2.5":5.68,"pm4.0":0.85,"nc0.5":4.83,"pm1.0":0.74,"error":"none"},"ds18b20":{"id":1,"t":28.8},"dht22":{"id":1,"h":38.7,"t":28.4},"sht31d":{"id":1,"t":28.4,"h":40.8}}}}
~~~~~~~~~~~~~~~~~~~~~~~
Update request with token: cd5e2ad6-2284-4d3e-ae34-528ed3891610 accepted!
reported state: {'sps30': {'auto_clean_interval_days': 4, 'tps': 0.57, 'serial': '4FBFC0FBE824FFEA', 'pm10.0': 0.86, 'nc10.0': 5.69, 'nc4.5': 5.68, 'pm2.5': 0.85, 'nc1.0': 5.65, 'nc2.5': 5.68, 'pm4.0': 0.85, 'nc0.5': 4.83, 'pm1.0': 0.74, 'error': 'none'}, 'ds18b20': {'id': 1, 't': 28.8}, 'dht22': {'id': 1, 'h': 38.7, 't': 28.4}, 'sht31d': {'id': 1, 't': 28.4, 'h': 40.8}}
~~~~~~~~~~~~~~~~~~~~~~~


*** No se puede leer DHT22! ***
{"state": {"reported": {"sps30": {"auto_clean_interval_days":4,"tps":0.56,"serial":"4FBFC0FBE824FFEA","pm10.0":0.63,"nc10.0":4.19,"nc4.5":4.19,"pm2.5":0.62,"nc1.0":4.17,"nc2.5":4.19,"pm4.0":0.62,"nc0.5":3.56,"pm1.0":0.55,"error":"none"},"ds18b20":{"id":1,"t":28.8},"dht22":{"id":1,"h":38.7,"t":28.4},"sht31d":{"id":1,"t":28.4,"h":40.6}}}}
~~~~~~~~~~~~~~~~~~~~~~~
Update request with token: f47f4aae-6cc3-471c-b157-c97f8e5a8f2d accepted!
reported state: {'sps30': {'auto_clean_interval_days': 4, 'tps': 0.56, 'serial': '4FBFC0FBE824FFEA', 'pm10.0': 0.63, 'nc10.0': 4.19, 'nc4.5': 4.19, 'pm2.5': 0.62, 'nc1.0': 4.17, 'nc2.5': 4.19, 'pm4.0': 0.62, 'nc0.5': 3.56, 'pm1.0': 0.55, 'error': 'none'}, 'ds18b20': {'id': 1, 't': 28.8}, 'dht22': {'id': 1, 'h': 38.7, 't': 28.4}, 'sht31d': {'id': 1, 't': 28.4, 'h': 40.6}}
~~~~~~~~~~~~~~~~~~~~~~~


*** No se puede leer DHT22! ***
{"state": {"reported": {"sps30": {"auto_clean_interval_days":4,"tps":0.56,"serial":"4FBFC0FBE824FFEA","pm10.0":0.65,"nc10.0":4.34,"nc4.5":4.34,"pm2.5":0.65,"nc1.0":4.32,"nc2.5":4.34,"pm4.0":0.65,"nc0.5":3.69,"pm1.0":0.57,"error":"none"},"ds18b20":{"id":1,"t":28.8},"dht22":{"id":1,"h":38.7,"t":28.4},"sht31d":{"id":1,"t":28.4,"h":40.6}}}}
~~~~~~~~~~~~~~~~~~~~~~~
Update request with token: c2f47958-07ca-499d-abf6-a229534e79fe accepted!
reported state: {'sps30': {'auto_clean_interval_days': 4, 'tps': 0.56, 'serial': '4FBFC0FBE824FFEA', 'pm10.0': 0.65, 'nc10.0': 4.34, 'nc4.5': 4.34, 'pm2.5': 0.65, 'nc1.0': 4.32, 'nc2.5': 4.34, 'pm4.0': 0.65, 'nc0.5': 3.69, 'pm1.0': 0.57, 'error': 'none'}, 'ds18b20': {'id': 1, 't': 28.8}, 'dht22': {'id': 1, 'h': 38.7, 't': 28.4}, 'sht31d': {'id': 1, 't': 28.4, 'h': 40.6}}
~~~~~~~~~~~~~~~~~~~~~~~


*** No se puede leer DHT22! ***
{"state": {"reported": {"sps30": {"auto_clean_interval_days":4,"tps":0.56,"serial":"4FBFC0FBE824FFEA","pm10.0":0.98,"nc10.0":6.52,"nc4.5":6.52,"pm2.5":0.97,"nc1.0":6.48,"nc2.5":6.52,"pm4.0":0.97,"nc0.5":5.54,"pm1.0":0.85,"error":"none"},"ds18b20":{"id":1,"t":28.8},"dht22":{"id":1,"h":38.7,"t":28.4},"sht31d":{"id":1,"t":28.5,"h":40.4}}}}
~~~~~~~~~~~~~~~~~~~~~~~
Update request with token: 21e65ee0-b4ac-4f2d-ad9c-66e7b913a768 accepted!
reported state: {'sps30': {'auto_clean_interval_days': 4, 'tps': 0.56, 'serial': '4FBFC0FBE824FFEA', 'pm10.0': 0.98, 'nc10.0': 6.52, 'nc4.5': 6.52, 'pm2.5': 0.97, 'nc1.0': 6.48, 'nc2.5': 6.52, 'pm4.0': 0.97, 'nc0.5': 5.54, 'pm1.0': 0.85, 'error': 'none'}, 'ds18b20': {'id': 1, 't': 28.8}, 'dht22': {'id': 1, 'h': 38.7, 't': 28.4}, 'sht31d': {'id': 1, 't': 28.5, 'h': 40.4}}
~~~~~~~~~~~~~~~~~~~~~~~


*** No se puede leer DHT22! ***
{"state": {"reported": {"sps30": {"auto_clean_interval_days":4,"tps":0.55,"serial":"4FBFC0FBE824FFEA","pm10.0":0.71,"nc10.0":4.74,"nc4.5":4.74,"pm2.5":0.71,"nc1.0":4.72,"nc2.5":4.74,"pm4.0":0.71,"nc0.5":4.03,"pm1.0":0.62,"error":"none"},"ds18b20":{"id":1,"t":28.7},"dht22":{"id":1,"h":38.7,"t":28.4},"sht31d":{"id":1,"t":28.4,"h":40.5}}}}
~~~~~~~~~~~~~~~~~~~~~~~
Update request with token: 9ebeecda-8762-4847-9666-407dc5287c8b accepted!
reported state: {'sps30': {'auto_clean_interval_days': 4, 'tps': 0.55, 'serial': '4FBFC0FBE824FFEA', 'pm10.0': 0.71, 'nc10.0': 4.74, 'nc4.5': 4.74, 'pm2.5': 0.71, 'nc1.0': 4.72, 'nc2.5': 4.74, 'pm4.0': 0.71, 'nc0.5': 4.03, 'pm1.0': 0.62, 'error': 'none'}, 'ds18b20': {'id': 1, 't': 28.7}, 'dht22': {'id': 1, 'h': 38.7, 't': 28.4}, 'sht31d': {'id': 1, 't': 28.4, 'h': 40.5}}
~~~~~~~~~~~~~~~~~~~~~~~


*** No se puede leer DHT22! ***
SPS30 Error:  error reading measurement
{"state": {"reported": {"sps30": {"error":"error reading measurement","serial":"4FBFC0FBE824FFEA"},"ds18b20":{"id":1,"t":28.8},"dht22":{"id":1,"h":38.7,"t":28.4},"sht31d":{"id":1,"t":28.4,"h":40.6}}}}
~~~~~~~~~~~~~~~~~~~~~~~
Update request with token: c8a73b68-26de-4843-b00b-ad0a0d86cc01 accepted!
reported state: {'sps30': {'error': 'error reading measurement', 'serial': '4FBFC0FBE824FFEA'}, 'ds18b20': {'id': 1, 't': 28.8}, 'dht22': {'id': 1, 'h': 38.7, 't': 28.4}, 'sht31d': {'id': 1, 't': 28.4, 'h': 40.6}}
~~~~~~~~~~~~~~~~~~~~~~~


*** No se puede leer DHT22! ***
SPS30 Error:  error reading measurement
{"state": {"reported": {"sps30": {"error":"error reading measurement","serial":"4FBFC0FBE824FFEA"},"ds18b20":{"id":1,"t":28.8},"dht22":{"id":1,"h":38.7,"t":28.4},"sht31d":{"id":1,"t":28.3,"h":40.6}}}}
~~~~~~~~~~~~~~~~~~~~~~~
Update request with token: 72823c3a-865d-4189-86a1-3faa8b0f323f accepted!
reported state: {'sps30': {'error': 'error reading measurement', 'serial': '4FBFC0FBE824FFEA'}, 'ds18b20': {'id': 1, 't': 28.8}, 'dht22': {'id': 1, 'h': 38.7, 't': 28.4}, 'sht31d': {'id': 1, 't': 28.3, 'h': 40.6}}
~~~~~~~~~~~~~~~~~~~~~~~


*** No se puede leer DHT22! ***
{"state": {"reported": {"sps30": {"auto_clean_interval_days":4,"tps":0.55,"serial":"4FBFC0FBE824FFEA","pm10.0":0.73,"nc10.0":4.88,"nc4.5":4.88,"pm2.5":0.73,"nc1.0":4.85,"nc2.5":4.88,"pm4.0":0.73,"nc0.5":4.15,"pm1.0":0.64,"error":"none"},"ds18b20":{"id":1,"t":28.8},"dht22":{"id":1,"h":38.7,"t":28.4},"sht31d":{"id":1,"t":28.4,"h":40.5}}}}2019-12-04 22:42:25,691 - AWSIoTPythonSDK.core.protocol.mqtt_core - INFO - Performing sync publish...
2019-12-04 22:44:27,057 - AWSIoTPythonSDK.core.protocol.mqtt_core - INFO - Performing sync publish...
2019-12-04 22:46:32,468 - AWSIoTPythonSDK.core.protocol.mqtt_core - INFO - Performing sync publish...
2019-12-04 22:48:33,946 - AWSIoTPythonSDK.core.protocol.mqtt_core - INFO - Performing sync publish...
2019-12-04 22:50:35,284 - AWSIoTPythonSDK.core.protocol.mqtt_core - INFO - Performing sync publish...
2019-12-04 22:52:36,657 - AWSIoTPythonSDK.core.protocol.mqtt_core - INFO - Performing sync publish...
2019-12-04 22:54:38,004 - AWSIoTPythonSDK.core.protocol.mqtt_core - INFO - Performing sync publish...
2019-12-04 22:56:39,365 - AWSIoTPythonSDK.core.protocol.mqtt_core - INFO - Performing sync publish...
2019-12-04 22:58:40,735 - AWSIoTPythonSDK.core.protocol.mqtt_core - INFO - Performing sync publish...
2019-12-04 23:00:44,357 - AWSIoTPythonSDK.core.protocol.mqtt_core - INFO - Performing sync publish...
